This file contains any messages produced by compilers while
running configure, to aid debugging if configure makes a mistake.

It was created by libusb-1.0 configure 1.0.25, which was
generated by GNU Autoconf 2.71.  Invocation command line was

  $ ../libusb-1.0.25/configure --prefix=/e/project/c/SANADer/SNANDer/src/lusb_build --disable-udev

## --------- ##
## Platform. ##
## --------- ##

hostname = DESKTOP-OG6LR0T
uname -m = x86_64
uname -r = 3.3.4-341.x86_64
uname -s = MINGW32_NT-10.0-19043
uname -v = 2022-02-15 17:24 UTC

/usr/bin/uname -p = unknown
/bin/uname -X     = unknown

/bin/arch              = x86_64
/usr/bin/arch -k       = unknown
/usr/convex/getsysinfo = unknown
/usr/bin/hostinfo      = unknown
/bin/machine           = unknown
/usr/bin/oslevel       = unknown
/bin/universe          = unknown

PATH: /mingw32/bin/
PATH: /usr/local/bin/
PATH: /usr/bin/
PATH: /bin/
PATH: /c/Windows/System32/
PATH: /c/Windows/
PATH: /c/Windows/System32/Wbem/
PATH: /c/Windows/System32/WindowsPowerShell/v1.0/
PATH: /usr/bin/site_perl/
PATH: /usr/bin/vendor_perl/
PATH: /usr/bin/core_perl/


## ----------- ##
## Core tests. ##
## ----------- ##

configure:2295: loading site script /etc/config.site
| # This file is in public domain.
| # Original author: Karlson2k (Evgeny Grin)
| # Written for MSys2 to help running 'configure' scripts
| 
| # Defaults for MSys2/MinGW64-targeted programs
| 
| # Set proper selfname on bash and fallback to default name on other shells
| test -n "${BASH_SOURCE}" 2>/dev/null && config_site_me="${BASH_SOURCE[0]##*/}" || config_site_me=config.site
| 
| # Set default 'host' to speedup configure
| if test -z "$build_alias"; then
|   build_alias="${MSYSTEM_CHOST}"  && \
|     ${as_echo-echo} "$config_site_me:${as_lineno-$LINENO}: default build_alias set to $build_alias" >&5
| fi
| 
| # Set default 'prefix'
| if ( test -z "$prefix" || test "x$prefix" = "xNONE" ) && \
|     ( test -z "$exec_prefix" || test "x$exec_prefix" = "xNONE" ); then
|   prefix="${MSYSTEM_PREFIX}" && \
|     ${as_echo-echo} "$config_site_me:${as_lineno-$LINENO}: default prefix set to $prefix" >&5
| fi
config.site:13: default build_alias set to i686-w64-mingw32
configure:2870: looking for aux files: config.guess config.sub ltmain.sh missing install-sh compile
configure:2883:  trying ../libusb-1.0.25/
configure:2912:   ../libusb-1.0.25/config.guess found
configure:2912:   ../libusb-1.0.25/config.sub found
configure:2912:   ../libusb-1.0.25/ltmain.sh found
configure:2912:   ../libusb-1.0.25/missing found
configure:2894:   ../libusb-1.0.25/install-sh found
configure:2912:   ../libusb-1.0.25/compile found
configure:3089: checking for gcc
configure:3110: found /mingw32/bin/gcc
configure:3121: result: gcc
configure:3474: checking for C compiler version
configure:3483: gcc --version >&5
gcc.exe (Rev9, Built by MSYS2 project) 11.2.0
Copyright (C) 2021 Free Software Foundation, Inc.
This is free software; see the source for copying conditions.  There is NO
warranty; not even for MERCHANTABILITY or FITNESS FOR A PARTICULAR PURPOSE.

configure:3494: $? = 0
configure:3483: gcc -v >&5
Using built-in specs.
COLLECT_GCC=D:\msys64\mingw32\bin\gcc.exe
COLLECT_LTO_WRAPPER=D:/msys64/mingw32/bin/../lib/gcc/i686-w64-mingw32/11.2.0/lto-wrapper.exe
Target: i686-w64-mingw32
Configured with: ../gcc-11.2.0/configure --prefix=/mingw32 --with-local-prefix=/mingw32/local --build=i686-w64-mingw32 --host=i686-w64-mingw32 --target=i686-w64-mingw32 --with-native-system-header-dir=/mingw32/include --libexecdir=/mingw32/lib --enable-bootstrap --enable-checking=release --with-arch=i686 --with-tune=generic --enable-languages=c,lto,c++,fortran,ada,objc,obj-c++,jit --enable-shared --enable-static --enable-libatomic --enable-threads=posix --enable-graphite --enable-fully-dynamic-string --enable-libstdcxx-filesystem-ts --enable-libstdcxx-time --disable-libstdcxx-pch --disable-libstdcxx-debug --enable-lto --enable-libgomp --disable-multilib --disable-rpath --disable-win32-registry --disable-nls --disable-werror --disable-symvers --with-libiconv --with-system-zlib --with-gmp=/mingw32 --with-mpfr=/mingw32 --with-mpc=/mingw32 --with-isl=/mingw32 --with-pkgversion='Rev9, Built by MSYS2 project' --with-bugurl=https://github.com/msys2/MINGW-packages/issues --with-gnu-as --with-gnu-ld --with-boot-ldflags='-pipe -Wl,--no-seh -Wl,--large-address-aware -Wl,--disable-dynamicbase -static-libstdc++ -static-libgcc' 'LDFLAGS_FOR_TARGET=-pipe -Wl,--no-seh -Wl,--large-address-aware' --enable-linker-plugin-flags='LDFLAGS=-static-libstdc++\ -static-libgcc\ -pipe\ -Wl,--no-seh\ -Wl,--large-address-aware\ -Wl,--stack,12582912' --disable-sjlj-exceptions --with-dwarf2
Thread model: posix
Supported LTO compression algorithms: zlib zstd
gcc version 11.2.0 (Rev9, Built by MSYS2 project) 
configure:3494: $? = 0
configure:3483: gcc -V >&5
gcc.exe: error: unrecognized command-line option '-V'
gcc.exe: fatal error: no input files
compilation terminated.
configure:3494: $? = 1
configure:3483: gcc -qversion >&5
gcc.exe: error: unrecognized command-line option '-qversion'; did you mean '--version'?
gcc.exe: fatal error: no input files
compilation terminated.
configure:3494: $? = 1
configure:3483: gcc -version >&5
gcc.exe: error: unrecognized command-line option '-version'
gcc.exe: fatal error: no input files
compilation terminated.
configure:3494: $? = 1
configure:3514: checking whether the C compiler works
configure:3536: gcc    conftest.c  >&5
configure:3540: $? = 0
configure:3590: result: yes
configure:3593: checking for C compiler default output file name
configure:3595: result: a.exe
configure:3601: checking for suffix of executables
configure:3608: gcc -o conftest.exe    conftest.c  >&5
configure:3612: $? = 0
configure:3635: result: .exe
configure:3657: checking whether we are cross compiling
configure:3665: gcc -o conftest.exe    conftest.c  >&5
configure:3669: $? = 0
configure:3676: ./conftest.exe
configure:3680: $? = 0
configure:3695: result: no
configure:3700: checking for suffix of object files
configure:3723: gcc -c   conftest.c >&5
configure:3727: $? = 0
configure:3749: result: o
configure:3753: checking whether the compiler supports GNU C
configure:3773: gcc -c   conftest.c >&5
configure:3773: $? = 0
configure:3783: result: yes
configure:3794: checking whether gcc accepts -g
configure:3815: gcc -c -g  conftest.c >&5
configure:3815: $? = 0
configure:3859: result: yes
configure:3879: checking for gcc option to enable C11 features
configure:3894: gcc  -c -g -O2  conftest.c >&5
configure:3894: $? = 0
configure:3912: result: none needed
configure:4033: checking whether gcc understands -c and -o together
configure:4056: gcc -c conftest.c -o conftest2.o
configure:4059: $? = 0
configure:4056: gcc -c conftest.c -o conftest2.o
configure:4059: $? = 0
configure:4071: result: yes
configure:4157: checking for g++
configure:4178: found /mingw32/bin/g++
configure:4189: result: g++
configure:4216: checking for C++ compiler version
configure:4225: g++ --version >&5
g++.exe (Rev9, Built by MSYS2 project) 11.2.0
Copyright (C) 2021 Free Software Foundation, Inc.
This is free software; see the source for copying conditions.  There is NO
warranty; not even for MERCHANTABILITY or FITNESS FOR A PARTICULAR PURPOSE.

configure:4236: $? = 0
configure:4225: g++ -v >&5
Using built-in specs.
COLLECT_GCC=D:\msys64\mingw32\bin\g++.exe
COLLECT_LTO_WRAPPER=D:/msys64/mingw32/bin/../lib/gcc/i686-w64-mingw32/11.2.0/lto-wrapper.exe
Target: i686-w64-mingw32
Configured with: ../gcc-11.2.0/configure --prefix=/mingw32 --with-local-prefix=/mingw32/local --build=i686-w64-mingw32 --host=i686-w64-mingw32 --target=i686-w64-mingw32 --with-native-system-header-dir=/mingw32/include --libexecdir=/mingw32/lib --enable-bootstrap --enable-checking=release --with-arch=i686 --with-tune=generic --enable-languages=c,lto,c++,fortran,ada,objc,obj-c++,jit --enable-shared --enable-static --enable-libatomic --enable-threads=posix --enable-graphite --enable-fully-dynamic-string --enable-libstdcxx-filesystem-ts --enable-libstdcxx-time --disable-libstdcxx-pch --disable-libstdcxx-debug --enable-lto --enable-libgomp --disable-multilib --disable-rpath --disable-win32-registry --disable-nls --disable-werror --disable-symvers --with-libiconv --with-system-zlib --with-gmp=/mingw32 --with-mpfr=/mingw32 --with-mpc=/mingw32 --with-isl=/mingw32 --with-pkgversion='Rev9, Built by MSYS2 project' --with-bugurl=https://github.com/msys2/MINGW-packages/issues --with-gnu-as --with-gnu-ld --with-boot-ldflags='-pipe -Wl,--no-seh -Wl,--large-address-aware -Wl,--disable-dynamicbase -static-libstdc++ -static-libgcc' 'LDFLAGS_FOR_TARGET=-pipe -Wl,--no-seh -Wl,--large-address-aware' --enable-linker-plugin-flags='LDFLAGS=-static-libstdc++\ -static-libgcc\ -pipe\ -Wl,--no-seh\ -Wl,--large-address-aware\ -Wl,--stack,12582912' --disable-sjlj-exceptions --with-dwarf2
Thread model: posix
Supported LTO compression algorithms: zlib zstd
gcc version 11.2.0 (Rev9, Built by MSYS2 project) 
configure:4236: $? = 0
configure:4225: g++ -V >&5
g++.exe: error: unrecognized command-line option '-V'
g++.exe: fatal error: no input files
compilation terminated.
configure:4236: $? = 1
configure:4225: g++ -qversion >&5
g++.exe: error: unrecognized command-line option '-qversion'; did you mean '--version'?
g++.exe: fatal error: no input files
compilation terminated.
configure:4236: $? = 1
configure:4240: checking whether the compiler supports GNU C++
configure:4260: g++ -c   conftest.cpp >&5
configure:4260: $? = 0
configure:4270: result: yes
configure:4281: checking whether g++ accepts -g
configure:4302: g++ -c -g  conftest.cpp >&5
configure:4302: $? = 0
configure:4346: result: yes
configure:4366: checking for g++ option to enable C++11 features
configure:4381: g++  -c -g -O2  conftest.cpp >&5
conftest.cpp: In function 'int main(int, char**)':
conftest.cpp:175:25: warning: empty parentheses were disambiguated as a function declaration [-Wvexing-parse]
  175 |   cxx11test::delegate d2();
      |                         ^~
conftest.cpp:175:25: note: remove parentheses to default-initialize a variable
  175 |   cxx11test::delegate d2();
      |                         ^~
      |                         --
conftest.cpp:175:25: note: or replace parentheses with braces to value-initialize a variable
configure:4381: $? = 0
configure:4399: result: none needed
configure:4464: checking for inline
configure:4481: gcc -c -g -O2  conftest.c >&5
configure:4481: $? = 0
configure:4490: result: inline
configure:4525: checking for a BSD-compatible install
configure:4598: result: /usr/bin/install -c
configure:4609: checking whether build environment is sane
configure:4664: result: yes
configure:4819: checking for a race-free mkdir -p
configure:4863: result: /usr/bin/mkdir -p
configure:4870: checking for gawk
configure:4891: found /usr/bin/gawk
configure:4902: result: gawk
configure:4913: checking whether make sets $(MAKE)
configure:4936: result: yes
configure:4958: checking whether make supports the include directive
configure:4973: make -f confmf.GNU && cat confinc.out
make[1]: Entering directory '/e/project/c/SANADer/SNANDer/src/lusb_build'
make[1]: Leaving directory '/e/project/c/SANADer/SNANDer/src/lusb_build'
this is the am__doit target
configure:4976: $? = 0
configure:4995: result: yes (GNU style)
configure:5030: checking whether make supports nested variables
configure:5048: result: yes
configure:5129: checking dependency style of gcc
configure:5241: result: gcc3
configure:5258: checking dependency style of g++
configure:5370: result: gcc3
configure:5460: checking build system type
configure:5475: result: i686-w64-mingw32
configure:5495: checking host system type
configure:5509: result: i686-w64-mingw32
configure:5550: checking how to print strings
configure:5577: result: printf
configure:5598: checking for a sed that does not truncate output
configure:5668: result: /usr/bin/sed
configure:5686: checking for grep that handles long lines and -e
configure:5750: result: /usr/bin/grep
configure:5755: checking for egrep
configure:5823: result: /usr/bin/grep -E
configure:5828: checking for fgrep
configure:5896: result: /usr/bin/grep -F
configure:5932: checking for ld used by gcc
configure:6000: result: D:/msys64/mingw32/i686-w64-mingw32/bin/ld.exe
configure:6007: checking if the linker (D:/msys64/mingw32/i686-w64-mingw32/bin/ld.exe) is GNU ld
configure:6023: result: yes
configure:6035: checking for BSD- or MS-compatible name lister (nm)
configure:6090: result: /mingw32/bin/nm -B
configure:6230: checking the name lister (/mingw32/bin/nm -B) interface
configure:6238: gcc -c -g -O2  conftest.c >&5
configure:6241: /mingw32/bin/nm -B "conftest.o"
configure:6244: output
00000000 b .bss
00000000 d .data
00000000 N .debug_abbrev
00000000 N .debug_aranges
00000000 N .debug_info
00000000 N .debug_line
00000000 N .debug_line_str
00000000 r .rdata$zzz
00000000 t .text
00000000 B _some_variable
configure:6251: result: BSD nm
configure:6254: checking whether ln -s works
configure:6261: result: no, using cp -pR
configure:6266: checking the maximum length of command line arguments
configure:6398: result: 8192
configure:6446: checking how to convert i686-w64-mingw32 file names to i686-w64-mingw32 format
configure:6487: result: func_convert_file_msys_to_w32
configure:6494: checking how to convert i686-w64-mingw32 file names to toolchain format
configure:6515: result: func_convert_file_msys_to_w32
configure:6522: checking for D:/msys64/mingw32/i686-w64-mingw32/bin/ld.exe option to reload object files
configure:6530: result: -r
configure:6609: checking for objdump
configure:6630: found /mingw32/bin/objdump
configure:6641: result: objdump
configure:6673: checking how to recognize dependent libraries
configure:6874: result: file_magic ^x86 archive import|^x86 DLL
configure:6964: checking for dlltool
configure:6985: found /mingw32/bin/dlltool
configure:6996: result: dlltool
configure:7029: checking how to associate runtime and link libraries
configure:7057: result: func_cygming_dll_for_implib
configure:7122: checking for ar
configure:7143: found /mingw32/bin/ar
configure:7154: result: ar
configure:7191: checking for archiver @FILE support
configure:7209: gcc -c -g -O2  conftest.c >&5
configure:7209: $? = 0
configure:7213: ar cru libconftest.a @conftest.lst >&5
D:\msys64\mingw32\bin\ar.exe: `u' modifier ignored since `D' is the default (see `U')
configure:7216: $? = 0
configure:7221: ar cru libconftest.a @conftest.lst >&5
D:\msys64\mingw32\bin\ar.exe: `u' modifier ignored since `D' is the default (see `U')
D:\msys64\mingw32\bin\ar.exe: conftest.o: No such file or directory
configure:7224: $? = 1
configure:7236: result: @
configure:7299: checking for strip
configure:7320: found /mingw32/bin/strip
configure:7331: result: strip
configure:7408: checking for ranlib
configure:7429: found /mingw32/bin/ranlib
configure:7440: result: ranlib
configure:7542: checking command to parse /mingw32/bin/nm -B output from gcc object
configure:7696: gcc -c -g -O2  conftest.c >&5
configure:7699: $? = 0
configure:7703: /mingw32/bin/nm -B conftest.o \| sed -n -e 's/^.*[ ]\([ABCDGIRSTW][ABCDGIRSTW]*\)[ ][ ]*\([_A-Za-z][_A-Za-z0-9]*\)\{0,1\}$/\1 \2 \2/p' | sed '/ __gnu_lto/d' \> conftest.nm
configure:7706: $? = 0
cannot find nm_test_var in conftest.nm
configure:7696: gcc -c -g -O2  conftest.c >&5
configure:7699: $? = 0
configure:7703: /mingw32/bin/nm -B conftest.o \| sed -n -e 's/^.*[ ]\([ABCDGIRSTW][ABCDGIRSTW]*\)[ ][ ]*_\([_A-Za-z][_A-Za-z0-9]*\)\{0,1\}$/\1 _\2 \2/p' | sed '/ __gnu_lto/d' \> conftest.nm
configure:7706: $? = 0
configure:7772: gcc -o conftest.exe -g -O2   conftest.c conftstm.o >&5
configure:7775: $? = 0
configure:7813: result: ok
configure:7860: checking for sysroot
configure:7891: result: no
configure:7898: checking for a working dd
configure:7942: result: /usr/bin/dd
configure:7946: checking how to truncate binary pipes
configure:7962: result: /usr/bin/dd bs=4096 count=1
configure:8299: checking for mt
configure:8334: result: no
configure:8354: checking if : is a manifest tool
configure:8361: : '-?'
configure:8369: result: no
configure:9099: checking for stdio.h
configure:9099: gcc -c -g -O2  conftest.c >&5
configure:9099: $? = 0
configure:9099: result: yes
configure:9099: checking for stdlib.h
configure:9099: gcc -c -g -O2  conftest.c >&5
configure:9099: $? = 0
configure:9099: result: yes
configure:9099: checking for string.h
configure:9099: gcc -c -g -O2  conftest.c >&5
configure:9099: $? = 0
configure:9099: result: yes
configure:9099: checking for inttypes.h
configure:9099: gcc -c -g -O2  conftest.c >&5
configure:9099: $? = 0
configure:9099: result: yes
configure:9099: checking for stdint.h
configure:9099: gcc -c -g -O2  conftest.c >&5
configure:9099: $? = 0
configure:9099: result: yes
configure:9099: checking for strings.h
configure:9099: gcc -c -g -O2  conftest.c >&5
configure:9099: $? = 0
configure:9099: result: yes
configure:9099: checking for sys/stat.h
configure:9099: gcc -c -g -O2  conftest.c >&5
configure:9099: $? = 0
configure:9099: result: yes
configure:9099: checking for sys/types.h
configure:9099: gcc -c -g -O2  conftest.c >&5
configure:9099: $? = 0
configure:9099: result: yes
configure:9099: checking for unistd.h
configure:9099: gcc -c -g -O2  conftest.c >&5
configure:9099: $? = 0
configure:9099: result: yes
configure:9124: checking for dlfcn.h
configure:9124: gcc -c -g -O2  conftest.c >&5
conftest.c:50:10: fatal error: dlfcn.h: No such file or directory
   50 | #include <dlfcn.h>
      |          ^~~~~~~~~
compilation terminated.
configure:9124: $? = 1
configure: failed program was:
| /* confdefs.h */
| #define PACKAGE_NAME "libusb-1.0"
| #define PACKAGE_TARNAME "libusb-1.0"
| #define PACKAGE_VERSION "1.0.25"
| #define PACKAGE_STRING "libusb-1.0 1.0.25"
| #define PACKAGE_BUGREPORT "libusb-devel@lists.sourceforge.net"
| #define PACKAGE_URL "http://libusb.info"
| #define PACKAGE "libusb-1.0"
| #define VERSION "1.0.25"
| #define HAVE_STDIO_H 1
| #define HAVE_STDLIB_H 1
| #define HAVE_STRING_H 1
| #define HAVE_INTTYPES_H 1
| #define HAVE_STDINT_H 1
| #define HAVE_STRINGS_H 1
| #define HAVE_SYS_STAT_H 1
| #define HAVE_SYS_TYPES_H 1
| #define HAVE_UNISTD_H 1
| #define STDC_HEADERS 1
| /* end confdefs.h.  */
| #include <stddef.h>
| #ifdef HAVE_STDIO_H
| # include <stdio.h>
| #endif
| #ifdef HAVE_STDLIB_H
| # include <stdlib.h>
| #endif
| #ifdef HAVE_STRING_H
| # include <string.h>
| #endif
| #ifdef HAVE_INTTYPES_H
| # include <inttypes.h>
| #endif
| #ifdef HAVE_STDINT_H
| # include <stdint.h>
| #endif
| #ifdef HAVE_STRINGS_H
| # include <strings.h>
| #endif
| #ifdef HAVE_SYS_TYPES_H
| # include <sys/types.h>
| #endif
| #ifdef HAVE_SYS_STAT_H
| # include <sys/stat.h>
| #endif
| #ifdef HAVE_UNISTD_H
| # include <unistd.h>
| #endif
| 
| #include <dlfcn.h>
configure:9124: result: no
configure:9394: checking for objdir
configure:9410: result: .libs
configure:9674: checking if gcc supports -fno-rtti -fno-exceptions
configure:9693: gcc -c -g -O2  -fno-rtti -fno-exceptions conftest.c >&5
cc1.exe: warning: command-line option '-fno-rtti' is valid for C++/D/ObjC++ but not for C
configure:9697: $? = 0
configure:9710: result: no
configure:10068: checking for gcc option to produce PIC
configure:10076: result: -DDLL_EXPORT -DPIC
configure:10084: checking if gcc PIC flag -DDLL_EXPORT -DPIC works
configure:10103: gcc -c -g -O2  -DDLL_EXPORT -DPIC -DPIC conftest.c >&5
configure:10107: $? = 0
configure:10120: result: yes
configure:10149: checking if gcc static flag -static works
configure:10178: result: yes
configure:10193: checking if gcc supports -c -o file.o
configure:10215: gcc -c -g -O2  -o out/conftest2.o conftest.c >&5
configure:10219: $? = 0
configure:10241: result: yes
configure:10249: checking if gcc supports -c -o file.o
configure:10297: result: yes
configure:10330: checking whether the gcc linker (D:/msys64/mingw32/i686-w64-mingw32/bin/ld.exe) supports shared libraries
configure:11597: result: yes
configure:11634: checking whether -lc should be explicitly linked in
configure:11643: gcc -c -g -O2  conftest.c >&5
configure:11646: $? = 0
configure:11661: gcc -shared conftest.o  -v -o ./conftest -Wl,--enable-auto-image-base -Xlinker --out-implib -Xlinker conftest 2\>\&1 \| /usr/bin/grep  -lc  \>/dev/null 2\>\&1
configure:11664: $? = 1
configure:11678: result: yes
configure:11838: checking dynamic linker characteristics
configure:12659: result: Win32 ld.exe
configure:12781: checking how to hardcode library paths into programs
configure:12806: result: immediate
configure:13358: checking whether stripping libraries is possible
configure:13363: result: yes
configure:13398: checking if libtool supports shared libraries
configure:13400: result: yes
configure:13403: checking whether to build shared libraries
configure:13428: result: yes
configure:13431: checking whether to build static libraries
configure:13435: result: yes
configure:13458: checking how to run the C++ preprocessor
configure:13480: g++ -E  conftest.cpp
configure:13480: $? = 0
configure:13495: g++ -E  conftest.cpp
conftest.cpp:22:10: fatal error: ac_nonexistent.h: No such file or directory
   22 | #include <ac_nonexistent.h>
      |          ^~~~~~~~~~~~~~~~~~
compilation terminated.
configure:13495: $? = 1
configure: failed program was:
| /* confdefs.h */
| #define PACKAGE_NAME "libusb-1.0"
| #define PACKAGE_TARNAME "libusb-1.0"
| #define PACKAGE_VERSION "1.0.25"
| #define PACKAGE_STRING "libusb-1.0 1.0.25"
| #define PACKAGE_BUGREPORT "libusb-devel@lists.sourceforge.net"
| #define PACKAGE_URL "http://libusb.info"
| #define PACKAGE "libusb-1.0"
| #define VERSION "1.0.25"
| #define HAVE_STDIO_H 1
| #define HAVE_STDLIB_H 1
| #define HAVE_STRING_H 1
| #define HAVE_INTTYPES_H 1
| #define HAVE_STDINT_H 1
| #define HAVE_STRINGS_H 1
| #define HAVE_SYS_STAT_H 1
| #define HAVE_SYS_TYPES_H 1
| #define HAVE_UNISTD_H 1
| #define STDC_HEADERS 1
| #define LT_OBJDIR ".libs/"
| /* end confdefs.h.  */
| #include <ac_nonexistent.h>
configure:13522: result: g++ -E
configure:13536: g++ -E  conftest.cpp
configure:13536: $? = 0
configure:13551: g++ -E  conftest.cpp
conftest.cpp:22:10: fatal error: ac_nonexistent.h: No such file or directory
   22 | #include <ac_nonexistent.h>
      |          ^~~~~~~~~~~~~~~~~~
compilation terminated.
configure:13551: $? = 1
configure: failed program was:
| /* confdefs.h */
| #define PACKAGE_NAME "libusb-1.0"
| #define PACKAGE_TARNAME "libusb-1.0"
| #define PACKAGE_VERSION "1.0.25"
| #define PACKAGE_STRING "libusb-1.0 1.0.25"
| #define PACKAGE_BUGREPORT "libusb-devel@lists.sourceforge.net"
| #define PACKAGE_URL "http://libusb.info"
| #define PACKAGE "libusb-1.0"
| #define VERSION "1.0.25"
| #define HAVE_STDIO_H 1
| #define HAVE_STDLIB_H 1
| #define HAVE_STRING_H 1
| #define HAVE_INTTYPES_H 1
| #define HAVE_STDINT_H 1
| #define HAVE_STRINGS_H 1
| #define HAVE_SYS_STAT_H 1
| #define HAVE_SYS_TYPES_H 1
| #define HAVE_UNISTD_H 1
| #define STDC_HEADERS 1
| #define LT_OBJDIR ".libs/"
| /* end confdefs.h.  */
| #include <ac_nonexistent.h>
configure:13716: checking for ld used by g++
configure:13784: result: D:/msys64/mingw32/i686-w64-mingw32/bin/ld.exe
configure:13791: checking if the linker (D:/msys64/mingw32/i686-w64-mingw32/bin/ld.exe) is GNU ld
configure:13807: result: yes
configure:13862: checking whether the g++ linker (D:/msys64/mingw32/i686-w64-mingw32/bin/ld.exe) supports shared libraries
configure:14940: result: yes
configure:14976: g++ -c -g -O2  conftest.cpp >&5
configure:14979: $? = 0
configure:15460: checking for g++ option to produce PIC
configure:15468: result: -DDLL_EXPORT -DPIC
configure:15476: checking if g++ PIC flag -DDLL_EXPORT -DPIC works
configure:15495: g++ -c -g -O2  -DDLL_EXPORT -DPIC -DPIC conftest.cpp >&5
configure:15499: $? = 0
configure:15512: result: yes
configure:15535: checking if g++ static flag -static works
configure:15564: result: yes
configure:15576: checking if g++ supports -c -o file.o
configure:15598: g++ -c -g -O2  -o out/conftest2.o conftest.cpp >&5
configure:15602: $? = 0
configure:15624: result: yes
configure:15629: checking if g++ supports -c -o file.o
configure:15677: result: yes
configure:15707: checking whether the g++ linker (D:/msys64/mingw32/i686-w64-mingw32/bin/ld.exe) supports shared libraries
configure:15747: result: yes
configure:15889: checking dynamic linker characteristics
configure:16637: result: Win32 ld.exe
configure:16702: checking how to hardcode library paths into programs
configure:16727: result: immediate
configure:16836: checking for windres
configure:16857: found /mingw32/bin/windres
configure:16868: result: windres
configure:16986: checking whether make supports nested variables
configure:17004: result: yes
configure:17021: checking if gcc supports -std=gnu11
configure:17034: gcc -c -std=gnu11  conftest.c >&5
configure:17034: $? = 0
configure:17036: result: yes
configure:17086: checking operating system
configure:17142: result: Windows
configure:17457: checking for struct timespec
configure:17457: gcc -c -g -O2  conftest.c >&5
configure:17457: $? = 0
configure:17457: gcc -c -g -O2  conftest.c >&5
conftest.c: In function 'main':
conftest.c:31:30: error: expected expression before ')' token
   31 | if (sizeof ((struct timespec)))
      |                              ^
configure:17457: $? = 1
configure: failed program was:
| /* confdefs.h */
| #define PACKAGE_NAME "libusb-1.0"
| #define PACKAGE_TARNAME "libusb-1.0"
| #define PACKAGE_VERSION "1.0.25"
| #define PACKAGE_STRING "libusb-1.0 1.0.25"
| #define PACKAGE_BUGREPORT "libusb-devel@lists.sourceforge.net"
| #define PACKAGE_URL "http://libusb.info"
| #define PACKAGE "libusb-1.0"
| #define VERSION "1.0.25"
| #define HAVE_STDIO_H 1
| #define HAVE_STDLIB_H 1
| #define HAVE_STRING_H 1
| #define HAVE_INTTYPES_H 1
| #define HAVE_STDINT_H 1
| #define HAVE_STRINGS_H 1
| #define HAVE_SYS_STAT_H 1
| #define HAVE_SYS_TYPES_H 1
| #define HAVE_UNISTD_H 1
| #define STDC_HEADERS 1
| #define LT_OBJDIR ".libs/"
| #define _GNU_SOURCE 1
| #define DEFAULT_VISIBILITY __attribute__ ((visibility ("default")))
| #define PRINTF_FORMAT(a, b) __attribute__ ((__format__ (__printf__, a, b)))
| #define PLATFORM_WINDOWS 1
| /* end confdefs.h.  */
| #include <time.h>
| 
| int
| main (void)
| {
| if (sizeof ((struct timespec)))
| 	    return 0;
|   ;
|   return 0;
| }
configure:17457: result: yes
configure:17476: checking for sys/time.h
configure:17476: gcc -c -g -O2  conftest.c >&5
configure:17476: $? = 0
configure:17476: result: yes
configure:18056: gcc -c -Werror -Wcast-function-type  conftest.c >&5
configure:18056: $? = 0
configure:18195: checking that generated files are newer than configure
configure:18201: result: done
configure:18284: creating ./config.status

## ---------------------- ##
## Running config.status. ##
## ---------------------- ##

This file was extended by libusb-1.0 config.status 1.0.25, which was
generated by GNU Autoconf 2.71.  Invocation command line was

  CONFIG_FILES    = 
  CONFIG_HEADERS  = 
  CONFIG_LINKS    = 
  CONFIG_COMMANDS = 
  $ ./config.status 

on DESKTOP-OG6LR0T

config.status:1263: creating libusb-1.0.pc
config.status:1263: creating Makefile
config.status:1263: creating libusb/Makefile
config.status:1263: creating examples/Makefile
config.status:1263: creating tests/Makefile
config.status:1263: creating doc/Makefile
config.status:1263: creating doc/doxygen.cfg
config.status:1263: creating config.h
config.status:1477: executing depfiles commands
config.status:1554: cd libusb       && sed -e '/# am--include-marker/d' Makefile         | make -f - am--depfiles
make[1]: Entering directory '/e/project/c/SANADer/SNANDer/src/lusb_build/libusb'
make[1]: Leaving directory '/e/project/c/SANADer/SNANDer/src/lusb_build/libusb'
config.status:1559: $? = 0
config.status:1554: cd examples       && sed -e '/# am--include-marker/d' Makefile         | make -f - am--depfiles
make[1]: Entering directory '/e/project/c/SANADer/SNANDer/src/lusb_build/examples'
make[1]: Leaving directory '/e/project/c/SANADer/SNANDer/src/lusb_build/examples'
config.status:1559: $? = 0
config.status:1554: cd tests       && sed -e '/# am--include-marker/d' Makefile         | make -f - am--depfiles
make[1]: Entering directory '/e/project/c/SANADer/SNANDer/src/lusb_build/tests'
make[1]: Leaving directory '/e/project/c/SANADer/SNANDer/src/lusb_build/tests'
config.status:1559: $? = 0
config.status:1477: executing libtool commands

## ---------------- ##
## Cache variables. ##
## ---------------- ##

ac_cv_build=i686-w64-mingw32
ac_cv_c_compiler_gnu=yes
ac_cv_c_inline=inline
ac_cv_cxx_compiler_gnu=yes
ac_cv_env_CCC_set=
ac_cv_env_CCC_value=
ac_cv_env_CC_set=
ac_cv_env_CC_value=
ac_cv_env_CFLAGS_set=
ac_cv_env_CFLAGS_value=
ac_cv_env_CPPFLAGS_set=
ac_cv_env_CPPFLAGS_value=
ac_cv_env_CXXCPP_set=
ac_cv_env_CXXCPP_value=
ac_cv_env_CXXFLAGS_set=
ac_cv_env_CXXFLAGS_value=
ac_cv_env_CXX_set=
ac_cv_env_CXX_value=
ac_cv_env_LDFLAGS_set=
ac_cv_env_LDFLAGS_value=
ac_cv_env_LIBS_set=
ac_cv_env_LIBS_value=
ac_cv_env_LT_SYS_LIBRARY_PATH_set=
ac_cv_env_LT_SYS_LIBRARY_PATH_value=
ac_cv_env_build_alias_set=
ac_cv_env_build_alias_value=
ac_cv_env_host_alias_set=
ac_cv_env_host_alias_value=
ac_cv_env_target_alias_set=
ac_cv_env_target_alias_value=
ac_cv_exeext=.exe
ac_cv_header_dlfcn_h=no
ac_cv_header_inttypes_h=yes
ac_cv_header_stdint_h=yes
ac_cv_header_stdio_h=yes
ac_cv_header_stdlib_h=yes
ac_cv_header_string_h=yes
ac_cv_header_strings_h=yes
ac_cv_header_sys_stat_h=yes
ac_cv_header_sys_time_h=yes
ac_cv_header_sys_types_h=yes
ac_cv_header_unistd_h=yes
ac_cv_host=i686-w64-mingw32
ac_cv_objext=o
ac_cv_path_EGREP='/usr/bin/grep -E'
ac_cv_path_FGREP='/usr/bin/grep -F'
ac_cv_path_GREP=/usr/bin/grep
ac_cv_path_SED=/usr/bin/sed
ac_cv_path_install='/usr/bin/install -c'
ac_cv_path_lt_DD=/usr/bin/dd
ac_cv_path_mkdir=/usr/bin/mkdir
ac_cv_prog_AWK=gawk
ac_cv_prog_CXXCPP='g++ -E'
ac_cv_prog_ac_ct_AR=ar
ac_cv_prog_ac_ct_CC=gcc
ac_cv_prog_ac_ct_CXX=g++
ac_cv_prog_ac_ct_DLLTOOL=dlltool
ac_cv_prog_ac_ct_OBJDUMP=objdump
ac_cv_prog_ac_ct_RANLIB=ranlib
ac_cv_prog_ac_ct_RC=windres
ac_cv_prog_ac_ct_STRIP=strip
ac_cv_prog_cc_c11=
ac_cv_prog_cc_g=yes
ac_cv_prog_cc_stdc=
ac_cv_prog_cxx_11=no
ac_cv_prog_cxx_cxx11=
ac_cv_prog_cxx_g=yes
ac_cv_prog_cxx_stdcxx=
ac_cv_prog_make_make_set=yes
ac_cv_type_struct_timespec=yes
am_cv_CC_dependencies_compiler_type=gcc3
am_cv_CXX_dependencies_compiler_type=gcc3
am_cv_make_support_nested_variables=yes
am_cv_prog_cc_c_o=yes
lt_cv_ar_at_file=@
lt_cv_archive_cmds_need_lc=yes
lt_cv_deplibs_check_method='file_magic ^x86 archive import|^x86 DLL'
lt_cv_file_magic_cmd=func_win32_libid
lt_cv_file_magic_test_file=
lt_cv_ld_reload_flag=-r
lt_cv_nm_interface='BSD nm'
lt_cv_objdir=.libs
lt_cv_path_LD=D:/msys64/mingw32/i686-w64-mingw32/bin/ld.exe
lt_cv_path_LDCXX=D:/msys64/mingw32/i686-w64-mingw32/bin/ld.exe
lt_cv_path_NM='/mingw32/bin/nm -B'
lt_cv_path_mainfest_tool=no
lt_cv_prog_compiler_c_o=yes
lt_cv_prog_compiler_c_o_CXX=yes
lt_cv_prog_compiler_c_o_RC=yes
lt_cv_prog_compiler_pic='-DDLL_EXPORT -DPIC'
lt_cv_prog_compiler_pic_CXX='-DDLL_EXPORT -DPIC'
lt_cv_prog_compiler_pic_works=yes
lt_cv_prog_compiler_pic_works_CXX=yes
lt_cv_prog_compiler_rtti_exceptions=no
lt_cv_prog_compiler_static_works=yes
lt_cv_prog_compiler_static_works_CXX=yes
lt_cv_prog_gnu_ld=yes
lt_cv_prog_gnu_ldcxx=yes
lt_cv_sharedlib_from_linklib_cmd=func_cygming_dll_for_implib
lt_cv_sys_global_symbol_pipe='sed -n -e '\''s/^.*[	 ]\([ABCDGIRSTW][ABCDGIRSTW]*\)[	 ][	 ]*_\([_A-Za-z][_A-Za-z0-9]*\)\{0,1\}$/\1 _\2 \2/p'\'' | sed '\''/ __gnu_lto/d'\'''
lt_cv_sys_global_symbol_to_c_name_address='sed -n -e '\''s/^: \(.*\) .*$/  {"\1", (void *) 0},/p'\'' -e '\''s/^[ABCDGIRSTW][ABCDGIRSTW]* .* \(.*\)$/  {"\1", (void *) \&\1},/p'\'''
lt_cv_sys_global_symbol_to_c_name_address_lib_prefix='sed -n -e '\''s/^: \(.*\) .*$/  {"\1", (void *) 0},/p'\'' -e '\''s/^[ABCDGIRSTW][ABCDGIRSTW]* .* \(lib.*\)$/  {"\1", (void *) \&\1},/p'\'' -e '\''s/^[ABCDGIRSTW][ABCDGIRSTW]* .* \(.*\)$/  {"lib\1", (void *) \&\1},/p'\'''
lt_cv_sys_global_symbol_to_cdecl='sed -n -e '\''s/^T .* \(.*\)$/extern int \1();/p'\'' -e '\''s/^[ABCDGIRSTW][ABCDGIRSTW]* .* \(.*\)$/extern char \1;/p'\'''
lt_cv_sys_global_symbol_to_import=
lt_cv_sys_max_cmd_len=8192
lt_cv_to_host_file_cmd=func_convert_file_msys_to_w32
lt_cv_to_tool_file_cmd=func_convert_file_msys_to_w32
lt_cv_truncate_bin='/usr/bin/dd bs=4096 count=1'

## ----------------- ##
## Output variables. ##
## ----------------- ##

ACLOCAL='${SHELL} '\''/e/project/c/SANADer/SNANDer/src/libusb-1.0.25/missing'\'' aclocal-1.16'
AMDEPBACKSLASH='\'
AMDEP_FALSE='#'
AMDEP_TRUE=''
AMTAR='$${TAR-tar}'
AM_BACKSLASH='\'
AM_CFLAGS='-std=gnu11 -mwin32 -fno-omit-frame-pointer -Wno-cast-function-type -Wall -Wextra -Wshadow -Wunused -Wwrite-strings -Werror=format-security -Werror=implicit-function-declaration -Werror=implicit-int -Werror=init-self -Werror=missing-prototypes -Werror=strict-prototypes -Werror=undef -Werror=uninitialized'
AM_CPPFLAGS=''
AM_CXXFLAGS='-std=gnu++11 -mwin32 -fno-omit-frame-pointer -Wno-cast-function-type -Wall -Wextra -Wshadow -Wunused -Wwrite-strings -Werror=format-security -Werror=implicit-function-declaration -Werror=implicit-int -Werror=init-self -Werror=missing-prototypes -Werror=strict-prototypes -Werror=undef -Werror=uninitialized -Wmissing-declarations'
AM_DEFAULT_V='$(AM_DEFAULT_VERBOSITY)'
AM_DEFAULT_VERBOSITY='0'
AM_V='$(V)'
AR='ar'
AUTOCONF='${SHELL} '\''/e/project/c/SANADer/SNANDer/src/libusb-1.0.25/missing'\'' autoconf'
AUTOHEADER='${SHELL} '\''/e/project/c/SANADer/SNANDer/src/libusb-1.0.25/missing'\'' autoheader'
AUTOMAKE='${SHELL} '\''/e/project/c/SANADer/SNANDer/src/libusb-1.0.25/missing'\'' automake-1.16'
AWK='gawk'
BUILD_EXAMPLES_FALSE=''
BUILD_EXAMPLES_TRUE='#'
BUILD_TESTS_FALSE=''
BUILD_TESTS_TRUE='#'
CC='gcc'
CCDEPMODE='depmode=gcc3'
CFLAGS='-g -O2'
CPPFLAGS=''
CREATE_IMPORT_LIB_FALSE='#'
CREATE_IMPORT_LIB_TRUE=''
CXX='g++'
CXXCPP='g++ -E'
CXXDEPMODE='depmode=gcc3'
CXXFLAGS='-g -O2'
CYGPATH_W='cygpath -w'
DEFS='-DHAVE_CONFIG_H'
DEPDIR='.deps'
DLLTOOL='dlltool'
DOXYGEN_HTMLDIR='api-1.0'
DSYMUTIL=''
DUMPBIN=''
ECHO_C=''
ECHO_N='-n'
ECHO_T=''
EGREP='/usr/bin/grep -E'
EXEEXT='.exe'
FGREP='/usr/bin/grep -F'
GREP='/usr/bin/grep'
INSTALL_DATA='${INSTALL} -m 644'
INSTALL_PROGRAM='${INSTALL}'
INSTALL_SCRIPT='${INSTALL}'
INSTALL_STRIP_PROGRAM='$(install_sh) -c -s'
LD='D:/msys64/mingw32/i686-w64-mingw32/bin/ld.exe'
LDFLAGS=''
LIBOBJS=''
LIBS=''
LIBTOOL='$(SHELL) $(top_builddir)/libtool'
LIPO=''
LN_S='cp -pR'
LTLIBOBJS=''
LT_LDFLAGS='-version-info 3:0:3 -no-undefined -avoid-version -Wl,--add-stdcall-alias'
LT_SYS_LIBRARY_PATH=''
MAKEINFO='${SHELL} '\''/e/project/c/SANADer/SNANDer/src/libusb-1.0.25/missing'\'' makeinfo'
MANIFEST_TOOL=':'
MKDIR_P='/usr/bin/mkdir -p'
NM='/mingw32/bin/nm -B'
NMEDIT=''
OBJDUMP='objdump'
OBJEXT='o'
OS_DARWIN_FALSE=''
OS_DARWIN_TRUE='#'
OS_HAIKU_FALSE=''
OS_HAIKU_TRUE='#'
OS_LINUX_FALSE=''
OS_LINUX_TRUE='#'
OS_NETBSD_FALSE=''
OS_NETBSD_TRUE='#'
OS_NULL_FALSE=''
OS_NULL_TRUE='#'
OS_OPENBSD_FALSE=''
OS_OPENBSD_TRUE='#'
OS_SUNOS_FALSE=''
OS_SUNOS_TRUE='#'
OS_WINDOWS_FALSE='#'
OS_WINDOWS_TRUE=''
OTOOL64=''
OTOOL=''
PACKAGE='libusb-1.0'
PACKAGE_BUGREPORT='libusb-devel@lists.sourceforge.net'
PACKAGE_NAME='libusb-1.0'
PACKAGE_STRING='libusb-1.0 1.0.25'
PACKAGE_TARNAME='libusb-1.0'
PACKAGE_URL='http://libusb.info'
PACKAGE_VERSION='1.0.25'
PATH_SEPARATOR=':'
PLATFORM_POSIX_FALSE=''
PLATFORM_POSIX_TRUE='#'
PLATFORM_WINDOWS_FALSE='#'
PLATFORM_WINDOWS_TRUE=''
RANLIB='ranlib'
RC='windres'
SED='/usr/bin/sed'
SET_MAKE=''
SHELL='/bin/sh'
STRIP='strip'
THREAD_CFLAGS=''
THREAD_LIBS=''
USE_UDEV_FALSE=''
USE_UDEV_TRUE='#'
VERSION='1.0.25'
ac_ct_AR='ar'
ac_ct_CC='gcc'
ac_ct_CXX='g++'
ac_ct_DUMPBIN=''
am__EXEEXT_FALSE='#'
am__EXEEXT_TRUE=''
am__fastdepCC_FALSE='#'
am__fastdepCC_TRUE=''
am__fastdepCXX_FALSE='#'
am__fastdepCXX_TRUE=''
am__include='include'
am__isrc=' -I$(srcdir)'
am__leading_dot='.'
am__nodep='_no'
am__quote=''
am__tar='$${TAR-tar} chof - "$$tardir"'
am__untar='$${TAR-tar} xf -'
bindir='${exec_prefix}/bin'
build='i686-w64-mingw32'
build_alias='i686-w64-mingw32'
build_cpu='i686'
build_os='mingw32'
build_vendor='w64'
datadir='${datarootdir}'
datarootdir='${prefix}/share'
docdir='${datarootdir}/doc/${PACKAGE_TARNAME}'
dvidir='${docdir}'
exec_prefix='${prefix}'
host='i686-w64-mingw32'
host_alias=''
host_cpu='i686'
host_os='mingw32'
host_vendor='w64'
htmldir='${docdir}'
includedir='${prefix}/include'
infodir='${datarootdir}/info'
install_sh='${SHELL} /e/project/c/SANADer/SNANDer/src/libusb-1.0.25/install-sh'
libdir='${exec_prefix}/lib'
libexecdir='${exec_prefix}/libexec'
localedir='${datarootdir}/locale'
localstatedir='${prefix}/var'
mandir='${datarootdir}/man'
mkdir_p='$(MKDIR_P)'
oldincludedir='/usr/include'
pdfdir='${docdir}'
prefix='/e/project/c/SANADer/SNANDer/src/lusb_build'
program_transform_name='s,x,x,'
psdir='${docdir}'
runstatedir='${localstatedir}/run'
sbindir='${exec_prefix}/sbin'
sharedstatedir='${prefix}/com'
sysconfdir='${prefix}/etc'
target_alias=''

## ----------- ##
## confdefs.h. ##
## ----------- ##

/* confdefs.h */
#define PACKAGE_NAME "libusb-1.0"
#define PACKAGE_TARNAME "libusb-1.0"
#define PACKAGE_VERSION "1.0.25"
#define PACKAGE_STRING "libusb-1.0 1.0.25"
#define PACKAGE_BUGREPORT "libusb-devel@lists.sourceforge.net"
#define PACKAGE_URL "http://libusb.info"
#define PACKAGE "libusb-1.0"
#define VERSION "1.0.25"
#define HAVE_STDIO_H 1
#define HAVE_STDLIB_H 1
#define HAVE_STRING_H 1
#define HAVE_INTTYPES_H 1
#define HAVE_STDINT_H 1
#define HAVE_STRINGS_H 1
#define HAVE_SYS_STAT_H 1
#define HAVE_SYS_TYPES_H 1
#define HAVE_UNISTD_H 1
#define STDC_HEADERS 1
#define LT_OBJDIR ".libs/"
#define _GNU_SOURCE 1
#define DEFAULT_VISIBILITY __attribute__ ((visibility ("default")))
#define PRINTF_FORMAT(a, b) __attribute__ ((__format__ (__printf__, a, b)))
#define PLATFORM_WINDOWS 1
#define HAVE_STRUCT_TIMESPEC 1
#define _WIN32_WINNT _WIN32_WINNT_VISTA
#define HAVE_SYS_TIME_H 1
#define ENABLE_LOGGING 1

configure: exit 0
